[2026-02-19T04:14:23.460027+00:00] [shuri] Picked mission 7bb05e07: Test Cursor run
[2026-02-19T04:14:24.969363+00:00] [shuri] Completed 7bb05e07: Afgehandeld door shuri (worker placeholder).
[Jarvis] /task gedelegeerd naar shuri: k Jarvis, start Operatie Marktverkenning. Ik wil dat Shuri o
[2026-02-19T12:03:40.560044+00:00] [shuri] Picked mission 3994752c: k Jarvis, start Operatie Marktverkenning. Ik wil d
[2026-02-19T12:03:42.072308+00:00] [shuri] Completed 3994752c: Afgehandeld door shuri (worker placeholder).
[2026-02-19T12:14:22.228129+00:00] [shuri] Picked mission c5dcf45f: Test Output Schatkist
[2026-02-19T12:14:23.737596+00:00] [shuri] Completed c5dcf45f: Afgehandeld door shuri (worker placeholder).
[Jarvis] /task gedelegeerd naar shuri: k Jarvis, voer 'Project BlueOcean' uit. Laat Shuri de 5 snel
[2026-02-19T12:20:39.258437+00:00] [shuri] Picked mission 77babc9b: k Jarvis, voer 'Project BlueOcean' uit. Laat Shuri
[2026-02-19T12:20:40.769216+00:00] [shuri] Completed 77babc9b: Afgehandeld door shuri (worker placeholder).
[Jarvis] /task gedelegeerd naar friday: k Jarvis, laat Friday een volledige systeem-audit doen van o
[2026-02-19T12:21:00.773963+00:00] [friday] Picked mission ebb1a539: k Jarvis, laat Friday een volledige systeem-audit 
[2026-02-19T12:21:02.283299+00:00] [friday] Completed ebb1a539: Afgehandeld door friday (worker placeholder).
[Jarvis] /task gedelegeerd naar vision: k Jarvis, laat Vision een 'Content Strategy' schrijven voor
[2026-02-19T12:21:42.289795+00:00] [vision] Picked mission 90368c23: k Jarvis, laat Vision een 'Content Strategy' schri
[2026-02-19T12:21:43.802230+00:00] [vision] Completed 90368c23: Afgehandeld door vision (worker placeholder).
[Jarvis] /task gedelegeerd naar shuri: k Jarvis, start Operatie Marktverkenning. Ik wil dat Shuri o
[2026-02-19T13:40:48.768299+00:00] [shuri] Picked mission 455bfc26: k Jarvis, start Operatie Marktverkenning. Ik wil d
[2026-02-19T13:40:50.282922+00:00] [shuri] Completed 455bfc26: Afgehandeld door shuri (worker placeholder).
[Jarvis] /task gedelegeerd naar vision: k verzamel 5 goeie content ideeën voor een lunchroom/koffiez
[2026-02-23T22:18:44.872173+00:00] [vision] Picked mission 9dc564df: k verzamel 5 goeie content ideeën voor een lunchro
[2026-02-23T22:18:46.387240+00:00] [vision] Completed 9dc564df: Afgehandeld door vision (worker placeholder).
